<?xml version="1.0" encoding="UTF-8"?>
<!-- Generated by org.testng.reporters.JUnitReportReporter -->
<testsuite hostname="Pradeep-PC" failures="0" tests="1" name="IntuitiveApps.sample.AppTest" time="0.003" errors="0" timestamp="2025-01-17T18:39:30 IST" skipped="0">
  <testcase classname="IntuitiveApps.sample.AppTest" name="appiumTest" time="0.003"/>
</testsuite> <!-- IntuitiveApps.sample.AppTest -->
