<?xml version="1.0" encoding="UTF-8"?>
<!-- Generated by org.testng.reporters.JUnitReportReporter -->
<testsuite hostname="DESKTOP-BS32JSM" failures="0" tests="1" name="IntuitiveApps.sample.AppTest" time="0.009" errors="0" timestamp="2025-01-16T15:58:44 IST" skipped="0">
  <testcase classname="IntuitiveApps.sample.AppTest" name="appiumTest" time="0.009"/>
</testsuite> <!-- IntuitiveApps.sample.AppTest -->
